# `android.archs` not detected, instead `android.arch` is present.
# `android.arch` will be removed and ignored in future.
# If you're seeing this error, please migrate to `android.archs`.
# Ensure build layout
# Check configuration tokens
# Preparing build
# Check requirements for android
# Search for Git (git)
#  -> found at /usr/bin/git
# Search for Cython (cython)
#  -> found at /home/jules/.local/bin/cython
# Search for Java compiler (javac)
#  -> found at /usr/lib/jvm/java-21-openjdk-amd64/bin/javac
# Search for Java keytool (keytool)
#  -> found at /usr/lib/jvm/java-21-openjdk-amd64/bin/keytool
# Install platform
# Run 'git config --get remote.origin.url' ...
# Cwd /app/.buildozer/android/platform/python-for-android
https://github.com/kivy/python-for-android.git
# Run 'git branch -vv' ...
# Cwd /app/.buildozer/android/platform/python-for-android
* master 58d21141 [origin/master] Merge pull request #3321 from kivy/release-2026.05.09
# Run '/home/jules/.pyenv/versions/3.12.13/bin/python3.12 -m pip install -q --user appdirs colorama>=0.3.3 jinja2 sh>=2, <3.0; sys_platform!="win32" meson ninja build toml packaging setuptools wheel~=0.43.0' ...
# Cwd None

[notice] A new release of pip is available: 26.0.1 -> 26.1.2
[notice] To update, run: /home/jules/.pyenv/versions/3.12.13/bin/python3.12 -m pip install --upgrade pip
# Apache ANT found at /home/jules/.buildozer/android/platform/apache-ant-1.9.4
# Android SDK found at /app/.buildozer/android/platform/android-sdk
# Android NDK found at /app/.buildozer/android/platform/android-ndk-r25b
# Recommended android's NDK version by p4a is: 28c
# Run '/home/jules/.pyenv/versions/3.12.13/bin/python3.12 -m pythonforandroid.toolchain aab -h --color=always --storage-dir=/app/.buildozer/android/platform/build-arm64-v8a --ndk-api=21 --ignore-setup-py --debug' ...
# Cwd /app/.buildozer/android/platform/python-for-android
# Check application requirements
# Compile platform
# Run '/home/jules/.pyenv/versions/3.12.13/bin/python3.12 -m pythonforandroid.toolchain create --dist_name=neshrblek --bootstrap=sdl2 --requirements=python3,kivy==2.3.1,arabic-reshaper,python-bidi,pyrebase4,requests==2.32.3,urllib3<2.0.0 --arch=arm64-v8a --copy-libs --color=always --storage-dir=/app/.buildozer/android/platform/build-arm64-v8a --ndk-api=21 --ignore-setup-py --debug' ...
# Cwd /app/.buildozer/android/platform/python-for-android
[WARNING]: prerequisites.py is experimental and does not support all prerequisites yet.
[WARNING]: Please report any issues to the python-for-android issue tracker.
[WARNING]: prerequisites.py is experimental and does not support all prerequisites yet.
[WARNING]: Please report any issues to the python-for-android issue tracker.
[1m[INFO][0m:    Recipe kivy: version "2.3.1" requested
[1m[INFO][0m:    Recipe requests: version "2.32.3" requested
[1m[INFO][0m:    Will compile for the following archs: arm64-v8a
[1m[INFO][0m:    Found Android API target in $ANDROIDAPI: 31
[1m[INFO][0m:    Available Android APIs are (31)
[1m[INFO][0m:    Requested API target 31 is available, continuing.
[1m[INFO][0m:    Found NDK dir in $ANDROIDNDK: /app/.buildozer/android/platform/android-ndk-r25b
[1m[INFO][0m:    Found NDK version 28c
[1m[31m[WARNING][39m[0m: Maximum recommended NDK version is 28c, but newer versions may work.
[1m[31m[WARNING][39m[0m: Newer NDKs may not be fully supported by p4a.
[1m[INFO][0m:    Getting NDK API version (i.e. minimum supported API) from user argument
[1m[90m[DEBUG][39m[0m:   All possible dists: [<Distribution: name neshrblek with recipes (hostpython3, libffi, openssl, sdl2_image, sdl2_mixer, sdl2_ttf, sqlite3, python3, sdl2, pyjnius, setuptools, android, kivy, urllib3<2.0.0, python-bidi, certifi, requests, arabic-reshaper, filetype, urllib3, six, idna, chardet, pyrebase4)>]
[1m[90m[DEBUG][39m[0m:   Dist matching name and arch: [<Distribution: name neshrblek with recipes (hostpython3, libffi, openssl, sdl2_image, sdl2_mixer, sdl2_ttf, sqlite3, python3, sdl2, pyjnius, setuptools, android, kivy, urllib3<2.0.0, python-bidi, certifi, requests, arabic-reshaper, filetype, urllib3, six, idna, chardet, pyrebase4)>]
[1m[90m[DEBUG][39m[0m:   Dist matching ndk_api and recipe: [<Distribution: name neshrblek with recipes (hostpython3, libffi, openssl, sdl2_image, sdl2_mixer, sdl2_ttf, sqlite3, python3, sdl2, pyjnius, setuptools, android, kivy, urllib3<2.0.0, python-bidi, certifi, requests, arabic-reshaper, filetype, urllib3, six, idna, chardet, pyrebase4)>]
[1m[INFO][0m:    Of the existing distributions, the following meet the given requirements:
[1m[INFO][0m:    	[32m[1mneshrblek[0m: min API 21, includes recipes ([32mhostpython3, libffi, openssl, sdl2_image, sdl2_mixer, sdl2_ttf, sqlite3, python3, sdl2, pyjnius, setuptools, android, kivy, urllib3<2.0.0, python-bidi, certifi, requests, arabic-reshaper, filetype, urllib3, six, idna, chardet, pyrebase4[0m), built for archs ([34marm64-v8a[0m)
[1m[INFO][0m:    [1m[94mneshrblek has compatible recipes, using this one[0m
# Build the application #2
# Copy application source from /app
# Remove directory and subdirectory /app/.buildozer/android/app
# Create directory /app/.buildozer/android/app
# Copy /app/main.py to /app/.buildozer/android/app/main.py
# Copy /app/Cairo-Regular.ttf to /app/.buildozer/android/app/Cairo-Regular.ttf
# Create directory /app/.buildozer/android/app/assets/icons
# Copy /app/assets/icons/shopping_cart.png to /app/.buildozer/android/app/assets/icons/shopping_cart.png
# copy /app/.buildozer/applibs to /app/.buildozer/android/app/_applibs
# Copy /home/jules/.local/lib/python3.12/site-packages/buildozer/sitecustomize.py to /app/.buildozer/android/app/sitecustomize.py
# Package the application
# project.properties updated
# Run '/home/jules/.pyenv/versions/3.12.13/bin/python3.12 -m pythonforandroid.toolchain apk --bootstrap sdl2 --dist_name neshrblek --name Neshrblek --version 0.3.1 --package org.neshrblek.neshrblek --minsdk 21 --ndk-api 21 --private /app/.buildozer/android/app --android-entrypoint org.kivy.android.PythonActivity --android-apptheme @android:style/Theme.NoTitleBar --orientation portrait --window --enable-androidx --copy-libs --arch arm64-v8a --color=always --storage-dir=/app/.buildozer/android/platform/build-arm64-v8a --ndk-api=21 --ignore-setup-py --debug' ...
# Cwd /app/.buildozer/android/platform/python-for-android
[WARNING]: prerequisites.py is experimental and does not support all prerequisites yet.
[WARNING]: Please report any issues to the python-for-android issue tracker.
[WARNING]: prerequisites.py is experimental and does not support all prerequisites yet.
[WARNING]: Please report any issues to the python-for-android issue tracker.
[1m[INFO][0m:    Will compile for the following archs: arm64-v8a
[1m[INFO][0m:    Found Android API target in $ANDROIDAPI: 31
[1m[INFO][0m:    Available Android APIs are (31)
[1m[INFO][0m:    Requested API target 31 is available, continuing.
[1m[INFO][0m:    Found NDK dir in $ANDROIDNDK: /app/.buildozer/android/platform/android-ndk-r25b
[1m[INFO][0m:    Found NDK version 28c
[1m[31m[WARNING][39m[0m: Maximum recommended NDK version is 28c, but newer versions may work.
[1m[31m[WARNING][39m[0m: Newer NDKs may not be fully supported by p4a.
[1m[INFO][0m:    Getting NDK API version (i.e. minimum supported API) from user argument
[1m[90m[DEBUG][39m[0m:   All possible dists: [<Distribution: name neshrblek with recipes (hostpython3, libffi, openssl, sdl2_image, sdl2_mixer, sdl2_ttf, sqlite3, python3, sdl2, pyjnius, setuptools, android, kivy, urllib3<2.0.0, python-bidi, certifi, requests, arabic-reshaper, filetype, urllib3, six, idna, chardet, pyrebase4)>]
[1m[90m[DEBUG][39m[0m:   Dist matching name and arch: [<Distribution: name neshrblek with recipes (hostpython3, libffi, openssl, sdl2_image, sdl2_mixer, sdl2_ttf, sqlite3, python3, sdl2, pyjnius, setuptools, android, kivy, urllib3<2.0.0, python-bidi, certifi, requests, arabic-reshaper, filetype, urllib3, six, idna, chardet, pyrebase4)>]
[1m[90m[DEBUG][39m[0m:   Dist matching ndk_api and recipe: [<Distribution: name neshrblek with recipes (hostpython3, libffi, openssl, sdl2_image, sdl2_mixer, sdl2_ttf, sqlite3, python3, sdl2, pyjnius, setuptools, android, kivy, urllib3<2.0.0, python-bidi, certifi, requests, arabic-reshaper, filetype, urllib3, six, idna, chardet, pyrebase4)>]
[1m[INFO][0m:    Of the existing distributions, the following meet the given requirements:
[1m[INFO][0m:    	[32m[1mneshrblek[0m: min API 21, includes recipes ([32mhostpython3, libffi, openssl, sdl2_image, sdl2_mixer, sdl2_ttf, sqlite3, python3, sdl2, pyjnius, setuptools, android, kivy, urllib3<2.0.0, python-bidi, certifi, requests, arabic-reshaper, filetype, urllib3, six, idna, chardet, pyrebase4[0m), built for archs ([34marm64-v8a[0m)
[1m[INFO][0m:    [1m[94mneshrblek has compatible recipes, using this one[0m
[1m[90m[DEBUG][39m[0m:   All possible dists: [<Distribution: name neshrblek with recipes (hostpython3, libffi, openssl, sdl2_image, sdl2_mixer, sdl2_ttf, sqlite3, python3, sdl2, pyjnius, setuptools, android, kivy, urllib3<2.0.0, python-bidi, certifi, requests, arabic-reshaper, filetype, urllib3, six, idna, chardet, pyrebase4)>]
[1m[90m[DEBUG][39m[0m:   Dist matching name and arch: [<Distribution: name neshrblek with recipes (hostpython3, libffi, openssl, sdl2_image, sdl2_mixer, sdl2_ttf, sqlite3, python3, sdl2, pyjnius, setuptools, android, kivy, urllib3<2.0.0, python-bidi, certifi, requests, arabic-reshaper, filetype, urllib3, six, idna, chardet, pyrebase4)>]
[1m[90m[DEBUG][39m[0m:   Dist matching ndk_api and recipe: [<Distribution: name neshrblek with recipes (hostpython3, libffi, openssl, sdl2_image, sdl2_mixer, sdl2_ttf, sqlite3, python3, sdl2, pyjnius, setuptools, android, kivy, urllib3<2.0.0, python-bidi, certifi, requests, arabic-reshaper, filetype, urllib3, six, idna, chardet, pyrebase4)>]
[1m[INFO][0m:    Of the existing distributions, the following meet the given requirements:
[1m[INFO][0m:    	[32m[1mneshrblek[0m: min API 21, includes recipes ([32mhostpython3, libffi, openssl, sdl2_image, sdl2_mixer, sdl2_ttf, sqlite3, python3, sdl2, pyjnius, setuptools, android, kivy, urllib3<2.0.0, python-bidi, certifi, requests, arabic-reshaper, filetype, urllib3, six, idna, chardet, pyrebase4[0m), built for archs ([34marm64-v8a[0m)
[1m[INFO][0m:    [1m[94mneshrblek has compatible recipes, using this one[0m
[1m[INFO][0m:    [36m-> directory context /app/.buildozer/android/platform/build-arm64-v8a/build/bootstrap_builds/sdl2[39m
[1m[INFO][0m:    [36m<- directory context /app/.buildozer/android/platform/python-for-android[39m
[1m[INFO][0m:    [36m-> directory context /app/.buildozer/android/platform/build-arm64-v8a/dists/neshrblek[39m
[1m[90m[DEBUG][39m[0m:   Remove directory and subdirectory src/main/assets
[1m[90m[DEBUG][39m[0m:   Create directory src/main/assets
Compiling '/app/.buildozer/android/app/main.py'...
Compiling '/app/.buildozer/android/app/sitecustomize.py'...
[1m[90m[DEBUG][39m[0m:   Remove directory and subdirectory /tmp/p4a-extra-env-8kz6e5ya
[1m[90m[DEBUG][39m[0m:   Remove directory and subdirectory src/main/res
[1m[INFO][0m:    Detected highest available build tools version to be 37.0.0
stty: 'standard input': Inappropriate ioctl for device
[1m[90m[DEBUG][39m[0m:   [90m->[0m running dos2unix /app/.buildozer/android/platform/build-arm64-v8a/dists/neshrblek/gradlew[0m
[1m[90m[DEBUG][39m[0m:   	dos2unix: converting file /app/.buildozer/android/platform/build-arm64-v8a/dists/neshrblek/gradlew to Unix format...
stty: 'standard input': Inappropriate ioctl for device
[1m[90m[DEBUG][39m[0m:   [90m->[0m running gradlew clean assembleDebug[0m
[1m[90m[DEBUG][39m[0m:
[1m[90m[DEBUG][39m[0m:
[1m[90m[DEBUG][39m[0m:   	[1A[1m> Connecting to Daemon[m[22D[1B[2A[1m<[0;1m-------------> 0% INITIALIZING [42ms][m[38D[1B> IDLE[0K[6D[1B[2A[1m<[0;1m-------------> 0% CONFIGURING [142ms][m[38D[1B[1m> root project[m[14D[1B[2A[1m<[0;1m-------------> 0% CONFIGURING [243ms][m[38D[1B[1m> root project > Resolve dependencies of classpath[m[50D[1B[2A[1m<[0;1m-------------> 0% CONFIGURING [342ms][m[38D[1B[1m> root project > Resolve files of configuration 'classpath'[m[59D[1B[2A[1m<[0;1m-------------> 0% CONFIGURING [442ms][m[38D[1B[1m> root project[m[0K[14D[1B[2A[1m<[0;1m-------------> 0% CONFIGURING [542ms][m[38D[2B[2A[1m<[0;1m-------------> 0% EXECUTING [642ms][m[0K[36D[1B[1m> :clean[m[0K[8D[1B[2A[1m<[0;32;1m=[0;39;1m------------> 9% EXECUTING [742ms][m[36D[1B[1m> :javaPreCompileDebug[m[22D[1B[2A[1m<[0;32;1m==[0;39;1m-----------> 21% EXECUTING [844ms][m[37D[1B[1m> :mergeDebugResources[m[22D[1B
[1m[90m[DEBUG][39m[0m:   	[3A[1m<[0;32;1m===[0;39;1m----------> 26% EXECUTING [942ms][m[37D[1B[1m> :parseDebugLocalResources[m[27D[1B[1m> :createDebugCompatibleScreenManifests[m[39D[1B[3A[0K
[1m[90m[DEBUG][39m[0m:   	[1m> Task :processDebugMainManifest[m
[1m[90m[DEBUG][39m[0m:   	/app/.buildozer/android/platform/build-arm64-v8a/dists/neshrblek/src/main/AndroidManifest.xml:53:18-50 Warning:
[1m[90m[DEBUG][39m[0m:   	        android:extractNativeLibs should not be specified in this source AndroidManifest.xml file. See https://d.android.com/guide/topics/manifest/application-element#extractNativeLibs for more information.
[1m[90m[DEBUG][39m[0m:   	The AGP Upgrade Assistant can remove the attribute from the AndroidManifest.xml file and update the build file accordingly. See https://d.android.com/studio/build/agp-upgrade-assistant for more information.
[1m[90m[DEBUG][39m[0m:   	[0K
[1m[90m[DEBUG][39m[0m:   	[0K
[1m[90m[DEBUG][39m[0m:   	[0K
[1m[90m[DEBUG][39m[0m:   	[3A[1m<[0;32;1m======[0;39;1m-------> 53% EXECUTING [1s][m[34D[1B[1m> :compressDebugAssets[m[22D[1B[1m> :processDebugResources > Resolve dependencies of :detachedConfiguration2[m[74D[1B[3A[1m<[0;32;1m========[0;39;1m-----> 68% EXECUTING [1s][m[34D[1B[1m> :mergeDebugJniLibFolders[m[26D[1B[1m> :processDebugResources[m[0K[24D[1B[3A[1m<[0;32;1m==========[0;39;1m---> 78% EXECUTING [1s][m[34D[1B[1m> :mergeDebugNativeLibs[m[0K[23D[2B[3A[1m<[0;32;1m==========[0;39;1m---> 82% EXECUTING [1s][m[34D[1B[1m> :stripDebugDebugSymbols[m[25D[1B[1m> :compileDebugJavaWithJavac[m[28D[1B[3A[1m<[0;32;1m===========[0;39;1m--> 85% EXECUTING [1s][m[34D[1B> IDLE[0K[6D[2B[3A[1m<[0;32;1m===========[0;39;1m--> 85% EXECUTING [2s][m[34D[3B[3A[0K
[1m[90m[DEBUG][39m[0m:   	[1m> Task :compileDebugJavaWithJavac[m
[1m[90m[DEBUG][39m[0m:   	Java compiler version 21 has deprecated support for compiling with source/target version 8.
[1m[90m[DEBUG][39m[0m:   	Try one of the following options:
[1m[90m[DEBUG][39m[0m:   	    1. [Recommended] Use Java toolchain with a lower language version
[1m[90m[DEBUG][39m[0m:   	    2. Set a higher source/target version
[1m[90m[DEBUG][39m[0m:   	    3. Use a lower version of the JDK running the build (if you're not using Java toolchain)
[1m[90m[DEBUG][39m[0m:   	For more details on how to configure these settings, see https://developer.android.com/build/jdks.
[1m[90m[DEBUG][39m[0m:   	To suppress this warning, set android.javaCompile.suppressSourceTargetDeprecationWarning=true in gradle.properties.
[1m[90m[DEBUG][39m[0m:   	warning: [options] source value 8 is obsolete and will be removed in a future release
[1m[90m[DEBUG][39m[0m:   	warning: [options] target value 8 is obsolete and will be removed in a future release
[1m[90m[DEBUG][39m[0m:   	warning: [options] To suppress warnings about obsolete options, use -Xlint:-options.
[1m[90m[DEBUG][39m[0m:   	Note: Some input files use or override a deprecated API.
[1m[90m[DEBUG][39m[0m:   	Note: Recompile with -Xlint:deprecation for details.
[1m[90m[DEBUG][39m[0m:   	3 warnings
[1m[90m[DEBUG][39m[0m:   	[0K
[1m[90m[DEBUG][39m[0m:   	[0K
[1m[90m[DEBUG][39m[0m:   	[0K
[1m[90m[DEBUG][39m[0m:   	[3A[1m<[0;32;1m===========[0;39;1m--> 87% EXECUTING [2s][m[34D[1B> IDLE[6D[1B[1m> :dexBuilderDebug[m[18D[1B[3A[1m<[0;32;1m===========[0;39;1m--> 87% EXECUTING [3s][m[34D[3B[3A[1m<[0;32;1m===========[0;39;1m--> 90% EXECUTING [3s][m[34D[2B[1m> :mergeProjectDexDebug[m[23D[1B[3A[1m<[0;32;1m============[0;39;1m-> 92% EXECUTING [3s][m[34D[2B[1m> :packageDebug[m[0K[15D[1B[3A[1m<[0;32;1m============[0;39;1m-> 92% EXECUTING [4s][m[34D[3B[3A[1m<[0;32;1m============[0;39;1m-> 92% EXECUTING [5s][m[34D[3B[3A[1m<[0;32;1m=============[0;39;1m> 100% EXECUTING [5s][m[35D[2B> IDLE[0K[6D[1B[3A[0K
[1m[90m[DEBUG][39m[0m:   	[Incubating] Problems report is available at: file:///app/.buildozer/android/platform/build-arm64-v8a/dists/neshrblek/build/reports/problems/problems-report.html[0K[0K
[1m[90m[DEBUG][39m[0m:
[1m[90m[DEBUG][39m[0m:   	Deprecated Gradle features were used in this build, making it incompatible with Gradle 9.0.
[1m[90m[DEBUG][39m[0m:
[1m[90m[DEBUG][39m[0m:   	You can use '--warning-mode all' to show the individual deprecation warnings and determine if they come from your own scripts or plugins.
[1m[90m[DEBUG][39m[0m:
[1m[90m[DEBUG][39m[0m:   	For more on this, please refer to https://docs.gradle.org/8.14.3/userguide/command_line_interface.html#sec:command_line_warnings in the Gradle documentation.
[1m[90m[DEBUG][39m[0m:
[1m[90m[DEBUG][39m[0m:   	[32;1mBUILD SUCCESSFUL[0;39m in 6s
[1m[90m[DEBUG][39m[0m:   	34 actionable tasks: 34 executed
[1m[90m[DEBUG][39m[0m:   	[0K
[1m[90m[DEBUG][39m[0m:   	[0K
[1m[90m[DEBUG][39m[0m:   	[0K
[1m[90m[DEBUG][39m[0m:   	[3A[1m<[0;1m-------------> 0% WAITING[m[26D[1B> IDLE[6D[1B> IDLE[6D[1B[3A[2K[1B[2K[1B[2K[2A[0m[34h[?25h
[1m[INFO][0m:    [36m<- directory context /app/.buildozer/android/platform/python-for-android[39m
[1m[90m[DEBUG][39m[0m:   All possible dists: [<Distribution: name neshrblek with recipes (hostpython3, libffi, openssl, sdl2_image, sdl2_mixer, sdl2_ttf, sqlite3, python3, sdl2, pyjnius, setuptools, android, kivy, urllib3<2.0.0, python-bidi, certifi, requests, arabic-reshaper, filetype, urllib3, six, idna, chardet, pyrebase4)>]
[1m[90m[DEBUG][39m[0m:   Dist matching name and arch: [<Distribution: name neshrblek with recipes (hostpython3, libffi, openssl, sdl2_image, sdl2_mixer, sdl2_ttf, sqlite3, python3, sdl2, pyjnius, setuptools, android, kivy, urllib3<2.0.0, python-bidi, certifi, requests, arabic-reshaper, filetype, urllib3, six, idna, chardet, pyrebase4)>]
[1m[90m[DEBUG][39m[0m:   Dist matching ndk_api and recipe: [<Distribution: name neshrblek with recipes (hostpython3, libffi, openssl, sdl2_image, sdl2_mixer, sdl2_ttf, sqlite3, python3, sdl2, pyjnius, setuptools, android, kivy, urllib3<2.0.0, python-bidi, certifi, requests, arabic-reshaper, filetype, urllib3, six, idna, chardet, pyrebase4)>]
[1m[INFO][0m:    Of the existing distributions, the following meet the given requirements:
[1m[INFO][0m:    	[32m[1mneshrblek[0m: min API 21, includes recipes ([32mhostpython3, libffi, openssl, sdl2_image, sdl2_mixer, sdl2_ttf, sqlite3, python3, sdl2, pyjnius, setuptools, android, kivy, urllib3<2.0.0, python-bidi, certifi, requests, arabic-reshaper, filetype, urllib3, six, idna, chardet, pyrebase4[0m), built for archs ([34marm64-v8a[0m)
[1m[INFO][0m:    [1m[94mneshrblek has compatible recipes, using this one[0m
[1m[INFO][0m:    [1m[32m# Copying android package to current directory[0m[39m
[1m[INFO][0m:    [1m[32m# Android package filename not found in build output. Guessing...[0m[39m
[1m[INFO][0m:    [1m[32m# Found android package file: /app/.buildozer/android/platform/build-arm64-v8a/dists/neshrblek/build/outputs/apk/debug/neshrblek-debug.apk[0m[39m
[1m[INFO][0m:    # Add version number to android package
[1m[INFO][0m:    # Android package renamed to neshrblek-debug-0.3.1.apk
stty: 'standard input': Inappropriate ioctl for device
[1m[90m[DEBUG][39m[0m:   [90m->[0m running cp /app/.buildozer/android/platform/build-arm64-v8a/dists/neshrblek/build/outputs/apk/debug/neshrblek-debug.apk neshrblek-debug-0.3.1.apk[0m
No setup.py/pyproject.toml used, copying full private data into .apk.
Applying Java source code patches...
Applying patch: src/patches/SDLActivity.java.patch
Warning: failed to apply patch (exit code 1), assuming it is already applied:  src/patches/SDLActivity.java.patch
Applying patch: src/patches/SDLSurface.java.patch
Warning: failed to apply patch (exit code 1), assuming it is already applied:  src/patches/SDLSurface.java.patch
# Copy /app/.buildozer/android/platform/build-arm64-v8a/dists/neshrblek/build/outputs/apk/debug/neshrblek-debug.apk to /app/bin/neshrblek-0.3.1-arm64-v8a-debug.apk
# Android packaging done!
# APK neshrblek-0.3.1-arm64-v8a-debug.apk available in the bin directory
